<?xml version="1.0" encoding="UTF-8"?>
<!-- Generated by org.testng.reporters.JUnitReportReporter -->
<testsuite skipped="0" hostname="RAJESHKIT" name="com.cts.ota.login.LoginPage" tests="2" failures="0" timestamp="2020-08-12T16:11:29 IST" time="16.000" errors="0">
  <testcase name="validLogin" time="7.321" classname="com.cts.ota.login.LoginPage"/>
  <system-out/>
  <testcase name="inValidLogin" time="8.679" classname="com.cts.ota.login.LoginPage"/>
  <system-out/>
</testsuite> <!-- com.cts.ota.login.LoginPage -->
