<?xml version="1.0" encoding="UTF-8"?>
<!-- Generated by org.testng.reporters.JUnitReportReporter -->
<testsuite skipped="0" hostname="RAJESHKIT" name="com.cts.ota.login.WithdrawPage" tests="3" failures="0" timestamp="2020-08-12T17:11:41 IST" time="22.577" errors="0">
  <testcase name="withdrawlSuccess" time="8.023" classname="com.cts.ota.login.WithdrawPage"/>
  <system-out/>
  <testcase name="insufficientFund" time="7.172" classname="com.cts.ota.login.WithdrawPage"/>
  <system-out/>
  <testcase name="withdrawLimitExceeded" time="7.382" classname="com.cts.ota.login.WithdrawPage"/>
  <system-out/>
</testsuite> <!-- com.cts.ota.login.WithdrawPage -->
